2025-06-05 23:25:07,608 - INFO - Scraping: Grupo 1/4, Página 1
2025-06-05 23:25:11,997 - INFO - Encontrados 10 resultados en la página 1
2025-06-05 23:25:12,000 - INFO - Scraping: Grupo 1/4, Página 2
2025-06-05 23:25:18,956 - INFO - Encontrados 10 resultados en la página 2
2025-06-05 23:25:18,958 - INFO - Scraping: Grupo 1/4, Página 3
2025-06-05 23:25:25,996 - INFO - Encontrados 10 resultados en la página 3
2025-06-05 23:25:25,998 - INFO - Scraping: Grupo 1/4, Página 4
2025-06-05 23:25:34,302 - INFO - Encontrados 10 resultados en la página 4
2025-06-05 23:25:34,304 - INFO - Scraping: Grupo 1/4, Página 5
2025-06-05 23:25:38,788 - INFO - Encontrados 10 resultados en la página 5
2025-06-05 23:25:38,790 - INFO - Scraping: Grupo 1/4, Página 6
2025-06-05 23:25:46,735 - INFO - Encontrados 10 resultados en la página 6
2025-06-05 23:25:46,738 - INFO - Scraping: Grupo 1/4, Página 7
2025-06-05 23:25:51,934 - INFO - Encontrados 10 resultados en la página 7
2025-06-05 23:25:51,936 - INFO - Scraping: Grupo 1/4, Página 8
2025-06-05 23:26:00,285 - INFO - Encontrados 10 resultados en la página 8
2025-06-05 23:26:00,287 - INFO - Scraping: Grupo 1/4, Página 9
2025-06-05 23:26:04,755 - INFO - Encontrados 10 resultados en la página 9
2025-06-05 23:26:04,757 - INFO - Scraping: Grupo 1/4, Página 10
2025-06-05 23:26:12,666 - INFO - Encontrados 10 resultados en la página 10
2025-06-05 23:26:12,668 - INFO - Scraping: Grupo 1/4, Página 11
2025-06-05 23:26:20,496 - INFO - Encontrados 10 resultados en la página 11
2025-06-05 23:26:20,499 - INFO - Scraping: Grupo 1/4, Página 12
2025-06-05 23:26:27,025 - INFO - Encontrados 10 resultados en la página 12
2025-06-05 23:26:27,028 - INFO - Scraping: Grupo 1/4, Página 13
2025-06-05 23:26:30,635 - INFO - Encontrados 10 resultados en la página 13
2025-06-05 23:26:30,636 - INFO - Scraping: Grupo 1/4, Página 14
2025-06-05 23:26:38,903 - INFO - Encontrados 10 resultados en la página 14
2025-06-05 23:26:38,905 - INFO - Scraping: Grupo 1/4, Página 15
2025-06-05 23:26:43,822 - INFO - Encontrados 10 resultados en la página 15
2025-06-05 23:26:43,825 - INFO - Scraping: Grupo 1/4, Página 16
2025-06-05 23:26:52,019 - INFO - Encontrados 10 resultados en la página 16
2025-06-05 23:26:52,021 - INFO - Scraping: Grupo 1/4, Página 17
2025-06-05 23:26:59,395 - INFO - Encontrados 10 resultados en la página 17
2025-06-05 23:26:59,397 - INFO - Scraping: Grupo 1/4, Página 18
2025-06-05 23:27:06,766 - INFO - Encontrados 10 resultados en la página 18
2025-06-05 23:27:06,769 - INFO - Scraping: Grupo 1/4, Página 19
2025-06-05 23:27:11,414 - INFO - Encontrados 10 resultados en la página 19
2025-06-05 23:27:11,416 - INFO - Scraping: Grupo 1/4, Página 20
2025-06-05 23:27:18,454 - INFO - Encontrados 10 resultados en la página 20
2025-06-05 23:27:18,457 - INFO - Scraping: Grupo 1/4, Página 21
2025-06-05 23:27:24,500 - INFO - Encontrados 10 resultados en la página 21
2025-06-05 23:27:24,502 - INFO - Scraping: Grupo 1/4, Página 22
2025-06-05 23:27:31,592 - INFO - Encontrados 10 resultados en la página 22
2025-06-05 23:27:31,594 - INFO - Scraping: Grupo 1/4, Página 23
2025-06-05 23:27:35,499 - INFO - Encontrados 10 resultados en la página 23
2025-06-05 23:27:35,502 - INFO - Scraping: Grupo 1/4, Página 24
2025-06-05 23:27:42,610 - INFO - Encontrados 10 resultados en la página 24
2025-06-05 23:27:42,613 - INFO - Scraping: Grupo 1/4, Página 25
2025-06-05 23:27:50,377 - INFO - Encontrados 10 resultados en la página 25
2025-06-05 23:27:50,381 - INFO - Scraping: Grupo 1/4, Página 26
2025-06-05 23:27:58,249 - INFO - Encontrados 10 resultados en la página 26
2025-06-05 23:27:58,256 - INFO - Scraping: Grupo 1/4, Página 27
2025-06-05 23:28:01,714 - INFO - Encontrados 10 resultados en la página 27
2025-06-05 23:28:01,718 - INFO - Scraping: Grupo 1/4, Página 28
2025-06-05 23:28:09,720 - INFO - Encontrados 10 resultados en la página 28
2025-06-05 23:28:09,722 - INFO - Scraping: Grupo 1/4, Página 29
2025-06-05 23:28:17,939 - INFO - Encontrados 10 resultados en la página 29
2025-06-05 23:28:17,944 - INFO - Scraping: Grupo 1/4, Página 30
2025-06-05 23:28:25,032 - INFO - Encontrados 10 resultados en la página 30
2025-06-05 23:28:25,036 - INFO - Scraping: Grupo 1/4, Página 31
2025-06-05 23:28:29,735 - INFO - Encontrados 10 resultados en la página 31
2025-06-05 23:28:29,737 - INFO - Scraping: Grupo 1/4, Página 32
2025-06-05 23:28:33,420 - INFO - Encontrados 10 resultados en la página 32
2025-06-05 23:28:33,423 - INFO - Scraping: Grupo 1/4, Página 33
2025-06-05 23:28:40,011 - INFO - Encontrados 10 resultados en la página 33
2025-06-05 23:28:40,015 - INFO - Scraping: Grupo 1/4, Página 34
2025-06-05 23:28:44,296 - INFO - Encontrados 10 resultados en la página 34
2025-06-05 23:28:44,300 - INFO - Scraping: Grupo 1/4, Página 35
2025-06-05 23:28:47,918 - INFO - Encontrados 10 resultados en la página 35
2025-06-05 23:28:47,922 - INFO - Scraping: Grupo 1/4, Página 36
2025-06-05 23:28:52,900 - INFO - Encontrados 10 resultados en la página 36
2025-06-05 23:28:52,903 - INFO - Scraping: Grupo 1/4, Página 37
2025-06-05 23:28:58,237 - INFO - Encontrados 10 resultados en la página 37
2025-06-05 23:28:58,241 - INFO - Scraping: Grupo 1/4, Página 38
2025-06-05 23:29:02,211 - INFO - Encontrados 10 resultados en la página 38
2025-06-05 23:29:02,216 - INFO - Scraping: Grupo 1/4, Página 39
2025-06-05 23:29:06,983 - INFO - Encontrados 10 resultados en la página 39
2025-06-05 23:29:06,988 - INFO - Scraping: Grupo 1/4, Página 40
2025-06-05 23:29:14,129 - INFO - Encontrados 10 resultados en la página 40
2025-06-05 23:29:14,134 - INFO - Scraping: Grupo 1/4, Página 41
2025-06-05 23:29:19,513 - INFO - Encontrados 10 resultados en la página 41
2025-06-05 23:29:19,517 - INFO - Scraping: Grupo 1/4, Página 42
2025-06-05 23:29:23,671 - INFO - Encontrados 10 resultados en la página 42
2025-06-05 23:29:23,674 - INFO - Scraping: Grupo 1/4, Página 43
2025-06-05 23:29:27,653 - INFO - Encontrados 10 resultados en la página 43
2025-06-05 23:29:27,655 - INFO - Scraping: Grupo 1/4, Página 44
2025-06-05 23:29:31,519 - INFO - Encontrados 10 resultados en la página 44
2025-06-05 23:29:31,522 - INFO - Scraping: Grupo 1/4, Página 45
2025-06-05 23:29:39,667 - INFO - Encontrados 10 resultados en la página 45
2025-06-05 23:29:39,670 - INFO - Scraping: Grupo 1/4, Página 46
2025-06-05 23:29:45,837 - INFO - Encontrados 10 resultados en la página 46
2025-06-05 23:29:45,839 - INFO - Scraping: Grupo 1/4, Página 47
2025-06-05 23:29:49,359 - INFO - Encontrados 10 resultados en la página 47
2025-06-05 23:29:49,361 - INFO - Scraping: Grupo 1/4, Página 48
2025-06-05 23:29:54,608 - INFO - Encontrados 10 resultados en la página 48
2025-06-05 23:29:54,610 - INFO - Scraping: Grupo 1/4, Página 49
2025-06-05 23:29:59,761 - INFO - Encontrados 10 resultados en la página 49
2025-06-05 23:29:59,763 - INFO - Scraping: Grupo 1/4, Página 50
2025-06-05 23:30:04,564 - INFO - Encontrados 10 resultados en la página 50
2025-06-05 23:30:04,568 - ERROR - Error guardando resultados: [WinError 3] El sistema no puede encontrar la ruta especificada: ''
2025-06-05 23:40:48,514 - INFO - Scraping: Grupo 1/4, Página 1
2025-06-05 23:40:55,994 - INFO - Encontrados 10 resultados en la página 1
2025-06-05 23:40:55,997 - INFO - Scraping: Grupo 1/4, Página 2
2025-06-05 23:41:02,947 - INFO - Encontrados 10 resultados en la página 2
2025-06-05 23:41:02,952 - INFO - Scraping: Grupo 1/4, Página 3
2025-06-05 23:41:10,348 - INFO - Encontrados 10 resultados en la página 3
2025-06-05 23:41:10,351 - INFO - Scraping: Grupo 1/4, Página 4
2025-06-05 23:41:17,797 - INFO - Encontrados 10 resultados en la página 4
2025-06-05 23:41:17,800 - INFO - Scraping: Grupo 1/4, Página 5
2025-06-05 23:41:23,122 - INFO - Encontrados 10 resultados en la página 5
2025-06-05 23:41:23,124 - INFO - Scraping: Grupo 1/4, Página 6
2025-06-05 23:41:30,640 - INFO - Encontrados 10 resultados en la página 6
2025-06-05 23:41:30,643 - INFO - Scraping: Grupo 1/4, Página 7
2025-06-05 23:41:38,839 - INFO - Encontrados 10 resultados en la página 7
2025-06-05 23:41:38,843 - INFO - Scraping: Grupo 1/4, Página 8
2025-06-05 23:41:43,666 - INFO - Encontrados 10 resultados en la página 8
2025-06-05 23:41:43,671 - INFO - Scraping: Grupo 1/4, Página 9
2025-06-05 23:41:49,770 - INFO - Encontrados 10 resultados en la página 9
2025-06-05 23:41:49,775 - INFO - Scraping: Grupo 1/4, Página 10
2025-06-05 23:41:55,444 - INFO - Encontrados 10 resultados en la página 10
2025-06-05 23:41:55,448 - INFO - Scraping: Grupo 1/4, Página 11
2025-06-05 23:42:04,010 - INFO - Encontrados 10 resultados en la página 11
2025-06-05 23:42:04,013 - INFO - Scraping: Grupo 1/4, Página 12
2025-06-05 23:42:12,295 - INFO - Encontrados 10 resultados en la página 12
2025-06-05 23:42:12,308 - INFO - Scraping: Grupo 1/4, Página 13
2025-06-05 23:42:17,537 - INFO - Encontrados 10 resultados en la página 13
2025-06-05 23:42:17,543 - INFO - Scraping: Grupo 1/4, Página 14
2025-06-05 23:42:25,910 - INFO - Encontrados 10 resultados en la página 14
2025-06-05 23:42:25,923 - INFO - Scraping: Grupo 1/4, Página 15
2025-06-05 23:52:25,487 - INFO - Reanudando desde grupo 0, página 14
2025-06-05 23:52:25,487 - INFO - Scraping: Grupo 1/4, Página 15
2025-06-05 23:52:35,350 - INFO - Encontrados 10 resultados en la página 15
2025-06-05 23:52:35,355 - INFO - Scraping: Grupo 1/4, Página 16
2025-06-05 23:52:44,446 - INFO - Encontrados 10 resultados en la página 16
2025-06-05 23:52:44,449 - INFO - Scraping: Grupo 1/4, Página 17
2025-06-05 23:52:51,541 - INFO - Encontrados 10 resultados en la página 17
2025-06-05 23:52:51,544 - INFO - Scraping: Grupo 1/4, Página 18
2025-06-06 11:49:19,922 - INFO - Reanudando desde grupo 0, página 17
2025-06-06 11:49:19,922 - INFO - Scraping: Grupo 1/4, Página 18
2025-06-06 11:49:28,127 - INFO - Scraping: Grupo 1/4, Página 19
2025-06-06 11:49:36,056 - INFO - Scraping: Grupo 1/4, Página 20
2025-06-06 11:49:41,736 - INFO - Scraping: Grupo 1/4, Página 21
2025-06-06 11:49:45,843 - INFO - Scraping: Grupo 1/4, Página 22
2025-06-06 11:49:53,055 - INFO - Scraping: Grupo 1/4, Página 23
2025-06-06 11:49:56,953 - INFO - Scraping: Grupo 1/4, Página 24
2025-06-06 11:50:01,605 - INFO - Scraping: Grupo 1/4, Página 25
2025-06-06 11:50:09,695 - INFO - Scraping: Grupo 1/4, Página 26
2025-06-06 11:50:16,909 - INFO - Scraping: Grupo 1/4, Página 27
2025-06-06 11:50:25,154 - INFO - Scraping: Grupo 1/4, Página 28
2025-06-06 11:50:29,794 - INFO - Scraping: Grupo 1/4, Página 29
2025-06-06 11:50:36,733 - INFO - Scraping: Grupo 1/4, Página 30
2025-06-06 11:50:40,772 - INFO - Scraping: Grupo 1/4, Página 31
2025-06-06 11:50:49,718 - INFO - Scraping: Grupo 1/4, Página 32
2025-06-06 11:50:57,330 - INFO - Scraping: Grupo 1/4, Página 33
2025-06-06 11:51:03,710 - INFO - Scraping: Grupo 1/4, Página 34
2025-06-06 11:51:08,587 - INFO - Scraping: Grupo 1/4, Página 35
2025-06-06 11:51:13,892 - INFO - Scraping: Grupo 1/4, Página 36
2025-06-06 11:51:18,811 - INFO - Scraping: Grupo 1/4, Página 37
2025-06-06 11:51:27,088 - INFO - Scraping: Grupo 1/4, Página 38
2025-06-06 11:51:31,913 - INFO - Scraping: Grupo 1/4, Página 39
2025-06-06 11:51:35,928 - INFO - Scraping: Grupo 1/4, Página 40
2025-06-06 11:51:40,222 - INFO - Scraping: Grupo 1/4, Página 41
2025-06-06 11:51:46,100 - INFO - Scraping: Grupo 1/4, Página 42
2025-06-06 11:51:50,248 - INFO - Scraping: Grupo 1/4, Página 43
2025-06-06 11:51:56,483 - INFO - Scraping: Grupo 1/4, Página 44
2025-06-06 11:52:03,979 - INFO - Scraping: Grupo 1/4, Página 45
2025-06-06 11:52:10,211 - INFO - Scraping: Grupo 1/4, Página 46
2025-06-06 11:52:16,741 - INFO - Scraping: Grupo 1/4, Página 47
2025-06-06 11:52:22,853 - INFO - Scraping: Grupo 1/4, Página 48
2025-06-06 11:52:26,608 - INFO - Scraping: Grupo 1/4, Página 49
2025-06-06 11:52:30,460 - INFO - Scraping: Grupo 1/4, Página 50
2025-06-06 11:52:38,861 - INFO - Scraping: Grupo 1/4, Página 51
2025-06-06 11:52:47,217 - INFO - Scraping: Grupo 1/4, Página 52
2025-06-06 11:52:54,593 - INFO - Scraping: Grupo 1/4, Página 53
2025-06-06 11:53:01,337 - INFO - Scraping: Grupo 1/4, Página 54
2025-06-06 11:53:09,245 - INFO - Scraping: Grupo 1/4, Página 55
2025-06-06 11:53:17,651 - INFO - Scraping: Grupo 1/4, Página 56
2025-06-06 11:53:21,821 - INFO - Scraping: Grupo 1/4, Página 57
2025-06-06 11:53:30,294 - INFO - Scraping: Grupo 1/4, Página 58
2025-06-06 11:53:36,498 - INFO - Scraping: Grupo 1/4, Página 59
2025-06-06 11:53:42,064 - INFO - Scraping: Grupo 1/4, Página 60
2025-06-06 11:53:48,718 - INFO - Scraping: Grupo 1/4, Página 61
2025-06-06 11:53:54,757 - INFO - Scraping: Grupo 1/4, Página 62
2025-06-06 11:54:02,402 - INFO - Scraping: Grupo 1/4, Página 63
2025-06-06 11:54:10,125 - INFO - Scraping: Grupo 1/4, Página 64
2025-06-06 11:54:18,554 - INFO - Scraping: Grupo 1/4, Página 65
2025-06-06 11:54:25,294 - INFO - Scraping: Grupo 1/4, Página 66
2025-06-06 11:54:30,887 - INFO - Scraping: Grupo 1/4, Página 67
2025-06-06 11:54:37,792 - INFO - Archivo guardado: articulos_uh.csv
2025-06-06 11:54:37,804 - INFO - Copia de seguridad guardada: backups\20250606_115437_articulos_uh.csv
2025-06-06 11:54:37,822 - INFO - Archivo JSON guardado: articulos_uh.json
2025-06-06 18:56:35,981 - INFO - Buscando: "Universidad de La Habana"
2025-06-06 18:56:37,360 - ERROR - Error buscando en Semantic Scholar: 403 Client Error: Forbidden for url: https://api.semanticscholar.org/graph/v1/paper/search?query=%22Universidad+de+La+Habana%22&limit=50&fields=title%2Cauthors%2Cyear%2Cabstract%2CcitationCount%2Creferences%2CfieldsOfStudy%2Curl%2Cpdf
2025-06-06 18:56:37,361 - INFO - Buscando: "University of Havana"
2025-06-06 18:56:37,755 - ERROR - Error buscando en Semantic Scholar: 403 Client Error: Forbidden for url: https://api.semanticscholar.org/graph/v1/paper/search?query=%22University+of+Havana%22&limit=50&fields=title%2Cauthors%2Cyear%2Cabstract%2CcitationCount%2Creferences%2CfieldsOfStudy%2Curl%2Cpdf
2025-06-06 18:56:37,756 - INFO - Buscando: affiliation:"Universidad de La Habana"
2025-06-06 18:56:37,963 - ERROR - Error buscando en Semantic Scholar: 403 Client Error: Forbidden for url: https://api.semanticscholar.org/graph/v1/paper/search?query=affiliation%3A%22Universidad+de+La+Habana%22&limit=50&fields=title%2Cauthors%2Cyear%2Cabstract%2CcitationCount%2Creferences%2CfieldsOfStudy%2Curl%2Cpdf
